[2023-12-04T01:10:13.290512+00:00] my_logger.INFO: Select Car by id in selectCarByCid.php {"username":"daniels"} []
[2023-12-04T01:24:41.545379+00:00] my_logger.INFO: Select Data  in SelectDataByNameOrNumber.php {"username":"daniels"} []
[2023-12-04T01:25:30.280613+00:00] my_logger.INFO: Record accident in RecordFine.php {"username":"daniels"} []
[2023-12-07T15:38:51.268375+00:00] my_logger.INFO: Login {"username":"daniels"} []
[2023-12-07T15:39:02.707807+00:00] my_logger.INFO: Select Data  in SelectDataByNameOrNumber.php {"username":"daniels"} []
[2023-12-07T15:43:21.525171+00:00] my_logger.INFO: Select Data  in SelectDataByNameOrNumber.php {"username":"daniels"} []
[2023-12-07T15:43:25.784965+00:00] my_logger.INFO: Select Data  in SelectDataByNameOrNumber.php {"username":"daniels"} []
[2023-12-07T15:43:30.868559+00:00] my_logger.INFO: Select Data  in SelectDataByNameOrNumber.php {"username":"daniels"} []
[2023-12-07T15:43:33.856434+00:00] my_logger.INFO: Select Data  in SelectDataByNameOrNumber.php {"username":"daniels"} []
[2023-12-07T15:43:35.923425+00:00] my_logger.INFO: Select Data  in SelectDataByNameOrNumber.php {"username":"daniels"} []
[2023-12-07T15:43:42.787715+00:00] my_logger.INFO: Select Data  in SelectDataByNameOrNumber.php {"username":"daniels"} []
[2023-12-07T15:43:54.681793+00:00] my_logger.INFO: Select Data  in SelectDataByNameOrNumber.php {"username":"daniels"} []
[2023-12-07T15:43:57.212221+00:00] my_logger.INFO: Select Data  in SelectDataByNameOrNumber.php {"username":"daniels"} []
[2023-12-07T15:47:30.498944+00:00] my_logger.INFO: Login {"username":"daniels"} []
[2023-12-07T15:47:35.581726+00:00] my_logger.INFO: Select Data  in SelectDataByNameOrNumber.php {"username":"daniels"} []
[2023-12-07T15:47:51.556997+00:00] my_logger.INFO: Select Car by id in selectCarByCid.php {"username":"daniels"} []
[2023-12-07T15:54:50.556226+00:00] my_logger.INFO: Add new car in addNewCar.php {"username":"daniels"} []
[2023-12-07T15:56:08.514968+00:00] my_logger.INFO: Record accident in RecordFine.php {"username":"daniels"} []
[2023-12-07T16:09:07.034527+00:00] my_logger.INFO: Submit Fine in Fine.php {"username":"daniels"} []
[2023-12-07T16:11:02.376959+00:00] my_logger.INFO: Login {"username":"daniels"} []
[2023-12-07T16:15:13.889756+00:00] my_logger.INFO: Select Car by id in selectCarByCid.php {"username":"daniels"} []
[2023-12-07T16:15:54.988930+00:00] my_logger.INFO: Select Data  in SelectDataByNameOrNumber.php {"username":"daniels"} []
[2023-12-07T16:49:01.000975+00:00] my_logger.INFO: Submit Fine in Fine.php {"username":"daniels"} []
[2023-12-07T16:49:33.390033+00:00] my_logger.INFO: Submit Fine in Fine.php {"username":"daniels"} []
[2023-12-07T17:05:59.827927+00:00] my_logger.INFO: Login {"username":"daniels"} []
[2023-12-09T21:39:04.131264+00:00] my_logger.INFO: Login {"username":"daniels"} []
[2023-12-09T22:52:23.786012+00:00] my_logger.INFO: Select Data  in SelectDataByNameOrNumber.php {"username":"daniels"} []
[2023-12-09T22:52:48.996604+00:00] my_logger.INFO: Select Data  in SelectDataByNameOrNumber.php {"username":"daniels"} []
[2023-12-09T22:53:10.729431+00:00] my_logger.INFO: Select Car by id in selectCarByCid.php {"username":"daniels"} []
[2023-12-09T23:30:52.058923+00:00] my_logger.INFO: Login {"username":"daniels"} []
[2023-12-09T23:58:06.323327+00:00] my_logger.INFO: Add new user in addUser.php {"username":"daniels"} []
[2023-12-09T23:58:35.244889+00:00] my_logger.INFO: Delete a user account {"username":"daniels"} []
[2023-12-10T00:03:17.829576+00:00] my_logger.INFO: Login {"username":"daniels"} []
